Determining if the pthread_create exist failed with the following output:
Change Dir: /home/pedrohrpbs/catkin_ws_tensorflow/src/dnn_system_identification/build/CMakeFiles/CMakeTmp

Run Build Command:"/usr/bin/make" "cmTC_ba08c/fast"
/usr/bin/make -f CMakeFiles/cmTC_ba08c.dir/build.make CMakeFiles/cmTC_ba08c.dir/build
make[1]: Entering directory '/home/pedrohrpbs/catkin_ws_tensorflow/src/dnn_system_identification/build/CMakeFiles/CMakeTmp'
Building C object CMakeFiles/cmTC_ba08c.dir/CheckSymbolExists.c.o
/usr/bin/x86_64-linux-gnu-gcc-7    -o CMakeFiles/cmTC_ba08c.dir/CheckSymbolExists.c.o   -c /home/pedrohrpbs/catkin_ws_tensorflow/src/dnn_system_identification/build/CMakeFiles/CMakeTmp/CheckSymbolExists.c
Linking C executable cmTC_ba08c
/usr/bin/cmake -E cmake_link_script CMakeFiles/cmTC_ba08c.dir/link.txt --verbose=1
/usr/bin/x86_64-linux-gnu-gcc-7      -rdynamic CMakeFiles/cmTC_ba08c.dir/CheckSymbolExists.c.o  -o cmTC_ba08c 
CMakeFiles/cmTC_ba08c.dir/CheckSymbolExists.c.o: In function `main':
CheckSymbolExists.c:(.text+0x1b): undefined reference to `pthread_create'
collect2: error: ld returned 1 exit status
CMakeFiles/cmTC_ba08c.dir/build.make:97: recipe for target 'cmTC_ba08c' failed
make[1]: *** [cmTC_ba08c] Error 1
make[1]: Leaving directory '/home/pedrohrpbs/catkin_ws_tensorflow/src/dnn_system_identification/build/CMakeFiles/CMakeTmp'
Makefile:126: recipe for target 'cmTC_ba08c/fast' failed
make: *** [cmTC_ba08c/fast] Error 2

File /home/pedrohrpbs/catkin_ws_tensorflow/src/dnn_system_identification/build/CMakeFiles/CMakeTmp/CheckSymbolExists.c:
/* */
#include <pthread.h>

int main(int argc, char** argv)
{
  (void)argv;
#ifndef pthread_create
  return ((int*)(&pthread_create))[argc];
#else
  (void)argc;
  return 0;
#endif
}

Determining if the function pthread_create exists in the pthreads failed with the following output:
Change Dir: /home/pedrohrpbs/catkin_ws_tensorflow/src/dnn_system_identification/build/CMakeFiles/CMakeTmp

Run Build Command:"/usr/bin/make" "cmTC_160f5/fast"
/usr/bin/make -f CMakeFiles/cmTC_160f5.dir/build.make CMakeFiles/cmTC_160f5.dir/build
make[1]: Entering directory '/home/pedrohrpbs/catkin_ws_tensorflow/src/dnn_system_identification/build/CMakeFiles/CMakeTmp'
Building C object CMakeFiles/cmTC_160f5.dir/CheckFunctionExists.c.o
/usr/bin/x86_64-linux-gnu-gcc-7   -DCHECK_FUNCTION_EXISTS=pthread_create   -o CMakeFiles/cmTC_160f5.dir/CheckFunctionExists.c.o   -c /usr/share/cmake-3.10/Modules/CheckFunctionExists.c
Linking C executable cmTC_160f5
/usr/bin/cmake -E cmake_link_script CMakeFiles/cmTC_160f5.dir/link.txt --verbose=1
/usr/bin/x86_64-linux-gnu-gcc-7  -DCHECK_FUNCTION_EXISTS=pthread_create    -rdynamic CMakeFiles/cmTC_160f5.dir/CheckFunctionExists.c.o  -o cmTC_160f5 -lpthreads 
/usr/bin/ld: cannot find -lpthreads
collect2: error: ld returned 1 exit status
CMakeFiles/cmTC_160f5.dir/build.make:97: recipe for target 'cmTC_160f5' failed
make[1]: *** [cmTC_160f5] Error 1
make[1]: Leaving directory '/home/pedrohrpbs/catkin_ws_tensorflow/src/dnn_system_identification/build/CMakeFiles/CMakeTmp'
Makefile:126: recipe for target 'cmTC_160f5/fast' failed
make: *** [cmTC_160f5/fast] Error 2


